This file contains any messages produced by compilers while
running configure, to aid debugging if configure makes a mistake.

It was created by ceph configure 0.61.3, which was
generated by GNU Autoconf 2.69.  Invocation command line was

  $ ./configure 

## --------- ##
## Platform. ##
## --------- ##

hostname = desktop
uname -m = x86_64
uname -r = 3.8.0-19-generic
uname -s = Linux
uname -v = #30-Ubuntu SMP Wed May 1 16:35:23 UTC 2013

/usr/bin/uname -p = unknown
/bin/uname -X     = unknown

/bin/arch              = unknown
/usr/bin/arch -k       = unknown
/usr/convex/getsysinfo = unknown
/usr/bin/hostinfo      = unknown
/bin/machine           = unknown
/usr/bin/oslevel       = unknown
/bin/universe          = unknown

PATH: /usr/lib/lightdm/lightdm
PATH: /usr/local/sbin
PATH: /usr/local/bin
PATH: /usr/sbin
PATH: /usr/bin
PATH: /sbin
PATH: /bin
PATH: /usr/games
PATH: /usr/local/games
PATH: /usr/local/ruby/bin
PATH: /usr/local/cuda/bin


## ----------- ##
## Core tests. ##
## ----------- ##

configure:2673: RPM_RELEASE='0'
configure:2717: checking build system type
configure:2731: result: x86_64-unknown-linux-gnu
configure:2751: checking host system type
configure:2764: result: x86_64-unknown-linux-gnu
configure:2784: checking target system type
configure:2797: result: x86_64-unknown-linux-gnu
configure:2841: checking for a BSD-compatible install
configure:2909: result: /usr/bin/install -c
configure:2920: checking whether build environment is sane
configure:2970: result: yes
configure:3111: checking for a thread-safe mkdir -p
configure:3150: result: /bin/mkdir -p
configure:3163: checking for gawk
configure:3179: found /usr/bin/gawk
configure:3190: result: gawk
configure:3201: checking whether make sets $(MAKE)
configure:3223: result: yes
configure:3315: checking for style of include used by make
configure:3343: result: GNU
configure:3414: checking for gcc
configure:3430: found /usr/bin/gcc
configure:3441: result: gcc
configure:3670: checking for C compiler version
configure:3679: gcc --version >&5
gcc (Ubuntu/Linaro 4.7.3-1ubuntu1) 4.7.3
Copyright (C) 2012 Free Software Foundation, Inc.
This is free software; see the source for copying conditions.  There is NO
warranty; not even for MERCHANTABILITY or FITNESS FOR A PARTICULAR PURPOSE.

configure:3690: $? = 0
configure:3679: gcc -v >&5
Using built-in specs.
COLLECT_GCC=gcc
COLLECT_LTO_WRAPPER=/usr/lib/gcc/x86_64-linux-gnu/4.7/lto-wrapper
Target: x86_64-linux-gnu
Configured with: ../src/configure -v --with-pkgversion='Ubuntu/Linaro 4.7.3-1ubuntu1' --with-bugurl=file:///usr/share/doc/gcc-4.7/README.Bugs --enable-languages=c,c++,go,fortran,objc,obj-c++ --prefix=/usr --program-suffix=-4.7 --enable-shared --enable-linker-build-id --libexecdir=/usr/lib --without-included-gettext --enable-threads=posix --with-gxx-include-dir=/usr/include/c++/4.7 --libdir=/usr/lib --enable-nls --with-sysroot=/ --enable-clocale=gnu --enable-libstdcxx-debug --enable-libstdcxx-time=yes --enable-gnu-unique-object --enable-plugin --with-system-zlib --enable-objc-gc --with-cloog --enable-cloog-backend=ppl --disable-cloog-version-check --disable-ppl-version-check --enable-multiarch --disable-werror --with-arch-32=i686 --with-abi=m64 --with-multilib-list=m32,m64,mx32 --with-tune=generic --enable-checking=release --build=x86_64-linux-gnu --host=x86_64-linux-gnu --target=x86_64-linux-gnu
Thread model: posix
gcc version 4.7.3 (Ubuntu/Linaro 4.7.3-1ubuntu1) 
configure:3690: $? = 0
configure:3679: gcc -V >&5
gcc: error: unrecognized command line option '-V'
gcc: fatal error: no input files
compilation terminated.
configure:3690: $? = 4
configure:3679: gcc -qversion >&5
gcc: error: unrecognized command line option '-qversion'
gcc: fatal error: no input files
compilation terminated.
configure:3690: $? = 4
configure:3710: checking whether the C compiler works
configure:3732: gcc    conftest.c  >&5
configure:3736: $? = 0
configure:3784: result: yes
configure:3787: checking for C compiler default output file name
configure:3789: result: a.out
configure:3795: checking for suffix of executables
configure:3802: gcc -o conftest    conftest.c  >&5
configure:3806: $? = 0
configure:3828: result: 
configure:3850: checking whether we are cross compiling
configure:3858: gcc -o conftest    conftest.c  >&5
configure:3862: $? = 0
configure:3869: ./conftest
configure:3873: $? = 0
configure:3888: result: no
configure:3893: checking for suffix of object files
configure:3915: gcc -c   conftest.c >&5
configure:3919: $? = 0
configure:3940: result: o
configure:3944: checking whether we are using the GNU C compiler
configure:3963: gcc -c   conftest.c >&5
configure:3963: $? = 0
configure:3972: result: yes
configure:3981: checking whether gcc accepts -g
configure:4001: gcc -c -g  conftest.c >&5
configure:4001: $? = 0
configure:4042: result: yes
configure:4059: checking for gcc option to accept ISO C89
configure:4122: gcc  -c -g -O2  conftest.c >&5
configure:4122: $? = 0
configure:4135: result: none needed
configure:4157: checking dependency style of gcc
configure:4268: result: gcc3
configure:4284: checking whether gcc and cc understand -c and -o together
configure:4315: gcc -c conftest.c -o conftest2.o >&5
configure:4319: $? = 0
configure:4325: gcc -c conftest.c -o conftest2.o >&5
configure:4329: $? = 0
configure:4340: cc -c conftest.c >&5
configure:4344: $? = 0
configure:4352: cc -c conftest.c -o conftest2.o >&5
configure:4356: $? = 0
configure:4362: cc -c conftest.c -o conftest2.o >&5
configure:4366: $? = 0
configure:4384: result: yes
configure:4455: checking how to print strings
configure:4482: result: printf
configure:4503: checking for a sed that does not truncate output
configure:4567: result: /bin/sed
configure:4585: checking for grep that handles long lines and -e
configure:4643: result: /bin/grep
configure:4648: checking for egrep
configure:4710: result: /bin/grep -E
configure:4715: checking for fgrep
configure:4777: result: /bin/grep -F
configure:4812: checking for ld used by gcc
configure:4879: result: /usr/bin/ld
configure:4886: checking if the linker (/usr/bin/ld) is GNU ld
configure:4901: result: yes
configure:4913: checking for BSD- or MS-compatible name lister (nm)
configure:4962: result: /usr/bin/nm -B
configure:5092: checking the name lister (/usr/bin/nm -B) interface
configure:5099: gcc -c -g -O2  conftest.c >&5
configure:5102: /usr/bin/nm -B "conftest.o"
configure:5105: output
0000000000000000 B some_variable
configure:5112: result: BSD nm
configure:5115: checking whether ln -s works
configure:5119: result: yes
configure:5127: checking the maximum length of command line arguments
configure:5257: result: 1572864
configure:5274: checking whether the shell understands some XSI constructs
configure:5284: result: yes
configure:5288: checking whether the shell understands "+="
configure:5294: result: yes
configure:5329: checking how to convert x86_64-unknown-linux-gnu file names to x86_64-unknown-linux-gnu format
configure:5369: result: func_convert_file_noop
configure:5376: checking how to convert x86_64-unknown-linux-gnu file names to toolchain format
configure:5396: result: func_convert_file_noop
configure:5403: checking for /usr/bin/ld option to reload object files
configure:5410: result: -r
configure:5484: checking for objdump
configure:5500: found /usr/bin/objdump
configure:5511: result: objdump
configure:5543: checking how to recognize dependent libraries
configure:5745: result: pass_all
configure:5830: checking for dlltool
configure:5860: result: no
configure:5890: checking how to associate runtime and link libraries
configure:5917: result: printf %s\n
configure:5978: checking for ar
configure:5994: found /usr/bin/ar
configure:6005: result: ar
configure:6042: checking for archiver @FILE support
configure:6059: gcc -c -g -O2  conftest.c >&5
configure:6059: $? = 0
configure:6062: ar cru libconftest.a @conftest.lst >&5
configure:6065: $? = 0
configure:6070: ar cru libconftest.a @conftest.lst >&5
ar: conftest.o: No such file or directory
configure:6073: $? = 1
configure:6085: result: @
configure:6143: checking for strip
configure:6159: found /usr/bin/strip
configure:6170: result: strip
configure:6242: checking for ranlib
configure:6258: found /usr/bin/ranlib
configure:6269: result: ranlib
configure:6371: checking command to parse /usr/bin/nm -B output from gcc object
configure:6491: gcc -c -g -O2  conftest.c >&5
configure:6494: $? = 0
configure:6498: /usr/bin/nm -B conftest.o \| sed -n -e 's/^.*[ ]\([ABCDGIRSTW][ABCDGIRSTW]*\)[ ][ ]*\([_A-Za-z][_A-Za-z0-9]*\)$/\1 \2 \2/p' | sed '/ __gnu_lto/d' \> conftest.nm
configure:6501: $? = 0
configure:6567: gcc -o conftest -g -O2   conftest.c conftstm.o >&5
configure:6570: $? = 0
configure:6608: result: ok
configure:6645: checking for sysroot
configure:6675: result: no
configure:6752: gcc -c -g -O2  conftest.c >&5
configure:6755: $? = 0
configure:6931: checking for mt
configure:6947: found /bin/mt
configure:6958: result: mt
configure:6981: checking if mt is a manifest tool
configure:6987: mt '-?'
configure:6995: result: no
configure:7637: checking how to run the C preprocessor
configure:7668: gcc -E  conftest.c
configure:7668: $? = 0
configure:7682: gcc -E  conftest.c
conftest.c:11:28: fatal error: ac_nonexistent.h: No such file or directory
compilation terminated.
configure:7682: $? = 1
configure: failed program was:
| /* confdefs.h */
| #define PACKAGE_NAME "ceph"
| #define PACKAGE_TARNAME "ceph"
| #define PACKAGE_VERSION "0.61.3"
| #define PACKAGE_STRING "ceph 0.61.3"
| #define PACKAGE_BUGREPORT "ceph-devel@vger.kernel.org"
| #define PACKAGE_URL ""
| #define PACKAGE "ceph"
| #define VERSION "0.61.3"
| /* end confdefs.h.  */
| #include <ac_nonexistent.h>
configure:7707: result: gcc -E
configure:7727: gcc -E  conftest.c
configure:7727: $? = 0
configure:7741: gcc -E  conftest.c
conftest.c:11:28: fatal error: ac_nonexistent.h: No such file or directory
compilation terminated.
configure:7741: $? = 1
configure: failed program was:
| /* confdefs.h */
| #define PACKAGE_NAME "ceph"
| #define PACKAGE_TARNAME "ceph"
| #define PACKAGE_VERSION "0.61.3"
| #define PACKAGE_STRING "ceph 0.61.3"
| #define PACKAGE_BUGREPORT "ceph-devel@vger.kernel.org"
| #define PACKAGE_URL ""
| #define PACKAGE "ceph"
| #define VERSION "0.61.3"
| /* end confdefs.h.  */
| #include <ac_nonexistent.h>
configure:7770: checking for ANSI C header files
configure:7790: gcc -c -g -O2  conftest.c >&5
configure:7790: $? = 0
configure:7863: gcc -o conftest -g -O2   conftest.c  >&5
configure:7863: $? = 0
configure:7863: ./conftest
configure:7863: $? = 0
configure:7874: result: yes
configure:7887: checking for sys/types.h
configure:7887: gcc -c -g -O2  conftest.c >&5
configure:7887: $? = 0
configure:7887: result: yes
configure:7887: checking for sys/stat.h
configure:7887: gcc -c -g -O2  conftest.c >&5
configure:7887: $? = 0
configure:7887: result: yes
configure:7887: checking for stdlib.h
configure:7887: gcc -c -g -O2  conftest.c >&5
configure:7887: $? = 0
configure:7887: result: yes
configure:7887: checking for string.h
configure:7887: gcc -c -g -O2  conftest.c >&5
configure:7887: $? = 0
configure:7887: result: yes
configure:7887: checking for memory.h
configure:7887: gcc -c -g -O2  conftest.c >&5
configure:7887: $? = 0
configure:7887: result: yes
configure:7887: checking for strings.h
configure:7887: gcc -c -g -O2  conftest.c >&5
configure:7887: $? = 0
configure:7887: result: yes
configure:7887: checking for inttypes.h
configure:7887: gcc -c -g -O2  conftest.c >&5
configure:7887: $? = 0
configure:7887: result: yes
configure:7887: checking for stdint.h
configure:7887: gcc -c -g -O2  conftest.c >&5
configure:7887: $? = 0
configure:7887: result: yes
configure:7887: checking for unistd.h
configure:7887: gcc -c -g -O2  conftest.c >&5
configure:7887: $? = 0
configure:7887: result: yes
configure:7901: checking for dlfcn.h
configure:7901: gcc -c -g -O2  conftest.c >&5
configure:7901: $? = 0
configure:7901: result: yes
configure:8107: checking for objdir
configure:8122: result: .libs
configure:8393: checking if gcc supports -fno-rtti -fno-exceptions
configure:8411: gcc -c -g -O2  -fno-rtti -fno-exceptions conftest.c >&5
cc1: warning: command line option '-fno-rtti' is valid for C++/ObjC++ but not for C [enabled by default]
configure:8415: $? = 0
configure:8428: result: no
configure:8755: checking for gcc option to produce PIC
configure:8762: result: -fPIC -DPIC
configure:8770: checking if gcc PIC flag -fPIC -DPIC works
configure:8788: gcc -c -g -O2  -fPIC -DPIC -DPIC conftest.c >&5
configure:8792: $? = 0
configure:8805: result: yes
configure:8834: checking if gcc static flag -static works
configure:8862: result: yes
configure:8877: checking if gcc supports -c -o file.o
configure:8898: gcc -c -g -O2  -o out/conftest2.o conftest.c >&5
configure:8902: $? = 0
configure:8924: result: yes
configure:8932: checking if gcc supports -c -o file.o
configure:8979: result: yes
configure:9012: checking whether the gcc linker (/usr/bin/ld -m elf_x86_64) supports shared libraries
configure:10169: result: yes
configure:10206: checking whether -lc should be explicitly linked in
configure:10214: gcc -c -g -O2  conftest.c >&5
configure:10217: $? = 0
configure:10232: gcc -shared  -fPIC -DPIC conftest.o  -v -Wl,-soname -Wl,conftest -o conftest 2\>\&1 \| /bin/grep  -lc  \>/dev/null 2\>\&1
configure:10235: $? = 0
configure:10249: result: no
configure:10409: checking dynamic linker characteristics
configure:10920: gcc -o conftest -g -O2   -Wl,-rpath -Wl,/foo conftest.c  >&5
configure:10920: $? = 0
configure:11154: result: GNU/Linux ld.so
configure:11261: checking how to hardcode library paths into programs
configure:11286: result: immediate
configure:11826: checking whether stripping libraries is possible
configure:11831: result: yes
configure:11866: checking if libtool supports shared libraries
configure:11868: result: yes
configure:11871: checking whether to build shared libraries
configure:11892: result: yes
configure:11895: checking whether to build static libraries
configure:11899: result: yes
configure:12001: checking dependency style of gcc
configure:12112: result: gcc3
configure:12139: checking whether make supports nested variables
configure:12156: result: yes
configure:12258: checking for g++
configure:12274: found /usr/bin/g++
configure:12285: result: g++
configure:12312: checking for C++ compiler version
configure:12321: g++ --version >&5
g++ (Ubuntu/Linaro 4.7.3-1ubuntu1) 4.7.3
Copyright (C) 2012 Free Software Foundation, Inc.
This is free software; see the source for copying conditions.  There is NO
warranty; not even for MERCHANTABILITY or FITNESS FOR A PARTICULAR PURPOSE.

configure:12332: $? = 0
configure:12321: g++ -v >&5
Using built-in specs.
COLLECT_GCC=g++
COLLECT_LTO_WRAPPER=/usr/lib/gcc/x86_64-linux-gnu/4.7/lto-wrapper
Target: x86_64-linux-gnu
Configured with: ../src/configure -v --with-pkgversion='Ubuntu/Linaro 4.7.3-1ubuntu1' --with-bugurl=file:///usr/share/doc/gcc-4.7/README.Bugs --enable-languages=c,c++,go,fortran,objc,obj-c++ --prefix=/usr --program-suffix=-4.7 --enable-shared --enable-linker-build-id --libexecdir=/usr/lib --without-included-gettext --enable-threads=posix --with-gxx-include-dir=/usr/include/c++/4.7 --libdir=/usr/lib --enable-nls --with-sysroot=/ --enable-clocale=gnu --enable-libstdcxx-debug --enable-libstdcxx-time=yes --enable-gnu-unique-object --enable-plugin --with-system-zlib --enable-objc-gc --with-cloog --enable-cloog-backend=ppl --disable-cloog-version-check --disable-ppl-version-check --enable-multiarch --disable-werror --with-arch-32=i686 --with-abi=m64 --with-multilib-list=m32,m64,mx32 --with-tune=generic --enable-checking=release --build=x86_64-linux-gnu --host=x86_64-linux-gnu --target=x86_64-linux-gnu
Thread model: posix
gcc version 4.7.3 (Ubuntu/Linaro 4.7.3-1ubuntu1) 
configure:12332: $? = 0
configure:12321: g++ -V >&5
g++: error: unrecognized command line option '-V'
g++: fatal error: no input files
compilation terminated.
configure:12332: $? = 4
configure:12321: g++ -qversion >&5
g++: error: unrecognized command line option '-qversion'
g++: fatal error: no input files
compilation terminated.
configure:12332: $? = 4
configure:12336: checking whether we are using the GNU C++ compiler
configure:12355: g++ -c   conftest.cpp >&5
configure:12355: $? = 0
configure:12364: result: yes
configure:12373: checking whether g++ accepts -g
configure:12393: g++ -c -g  conftest.cpp >&5
configure:12393: $? = 0
configure:12434: result: yes
configure:12459: checking dependency style of g++
configure:12570: result: gcc3
configure:12603: checking how to run the C++ preprocessor
configure:12630: g++ -E  conftest.cpp
configure:12630: $? = 0
configure:12644: g++ -E  conftest.cpp
conftest.cpp:25:28: fatal error: ac_nonexistent.h: No such file or directory
compilation terminated.
configure:12644: $? = 1
configure: failed program was:
| /* confdefs.h */
| #define PACKAGE_NAME "ceph"
| #define PACKAGE_TARNAME "ceph"
| #define PACKAGE_VERSION "0.61.3"
| #define PACKAGE_STRING "ceph 0.61.3"
| #define PACKAGE_BUGREPORT "ceph-devel@vger.kernel.org"
| #define PACKAGE_URL ""
| #define PACKAGE "ceph"
| #define VERSION "0.61.3"
| #define STDC_HEADERS 1
| #define HAVE_SYS_TYPES_H 1
| #define HAVE_SYS_STAT_H 1
| #define HAVE_STDLIB_H 1
| #define HAVE_STRING_H 1
| #define HAVE_MEMORY_H 1
| #define HAVE_STRINGS_H 1
| #define HAVE_INTTYPES_H 1
| #define HAVE_STDINT_H 1
| #define HAVE_UNISTD_H 1
| #define HAVE_DLFCN_H 1
| #define LT_OBJDIR ".libs/"
| #define PACKAGE "ceph"
| #define VERSION "0.61.3"
| /* end confdefs.h.  */
| #include <ac_nonexistent.h>
configure:12669: result: g++ -E
configure:12689: g++ -E  conftest.cpp
configure:12689: $? = 0
configure:12703: g++ -E  conftest.cpp
conftest.cpp:25:28: fatal error: ac_nonexistent.h: No such file or directory
compilation terminated.
configure:12703: $? = 1
configure: failed program was:
| /* confdefs.h */
| #define PACKAGE_NAME "ceph"
| #define PACKAGE_TARNAME "ceph"
| #define PACKAGE_VERSION "0.61.3"
| #define PACKAGE_STRING "ceph 0.61.3"
| #define PACKAGE_BUGREPORT "ceph-devel@vger.kernel.org"
| #define PACKAGE_URL ""
| #define PACKAGE "ceph"
| #define VERSION "0.61.3"
| #define STDC_HEADERS 1
| #define HAVE_SYS_TYPES_H 1
| #define HAVE_SYS_STAT_H 1
| #define HAVE_STDLIB_H 1
| #define HAVE_STRING_H 1
| #define HAVE_MEMORY_H 1
| #define HAVE_STRINGS_H 1
| #define HAVE_INTTYPES_H 1
| #define HAVE_STDINT_H 1
| #define HAVE_UNISTD_H 1
| #define HAVE_DLFCN_H 1
| #define LT_OBJDIR ".libs/"
| #define PACKAGE "ceph"
| #define VERSION "0.61.3"
| /* end confdefs.h.  */
| #include <ac_nonexistent.h>
configure:12872: checking for ld used by g++
configure:12939: result: /usr/bin/ld -m elf_x86_64
configure:12946: checking if the linker (/usr/bin/ld -m elf_x86_64) is GNU ld
configure:12961: result: yes
configure:13016: checking whether the g++ linker (/usr/bin/ld -m elf_x86_64) supports shared libraries
configure:14021: result: yes
configure:14057: g++ -c -g -O2  conftest.cpp >&5
configure:14060: $? = 0
configure:14580: checking for g++ option to produce PIC
configure:14587: result: -fPIC -DPIC
configure:14595: checking if g++ PIC flag -fPIC -DPIC works
configure:14613: g++ -c -g -O2  -fPIC -DPIC -DPIC conftest.cpp >&5
configure:14617: $? = 0
configure:14630: result: yes
configure:14653: checking if g++ static flag -static works
configure:14681: result: yes
configure:14693: checking if g++ supports -c -o file.o
configure:14714: g++ -c -g -O2  -o out/conftest2.o conftest.cpp >&5
configure:14718: $? = 0
configure:14740: result: yes
configure:14745: checking if g++ supports -c -o file.o
configure:14792: result: yes
configure:14822: checking whether the g++ linker (/usr/bin/ld -m elf_x86_64) supports shared libraries
configure:14861: result: yes
configure:15002: checking dynamic linker characteristics
configure:15681: result: GNU/Linux ld.so
configure:15734: checking how to hardcode library paths into programs
configure:15759: result: immediate
configure:15801: checking dependency style of g++
configure:15912: result: gcc3
configure:15932: checking whether make sets $(MAKE)
configure:15954: result: yes
configure:15985: checking whether gcc accepts -Wtype-limits
configure:15998: gcc -c -g -O2 -Wtype-limits  conftest.c >&5
configure:15998: $? = 0
configure:15999: result: yes
configure:16025: checking whether gcc accepts -Wignored-qualifiers
configure:16038: gcc -c -g -O2 -Wignored-qualifiers  conftest.c >&5
configure:16038: $? = 0
configure:16039: result: yes
configure:16223: checking for the pthreads library -lpthreads
configure:16256: gcc -o conftest -g -O2    conftest.c -lpthreads  >&5
/usr/bin/ld: cannot find -lpthreads
collect2: error: ld returned 1 exit status
configure:16256: $? = 1
configure: failed program was:
| /* confdefs.h */
| #define PACKAGE_NAME "ceph"
| #define PACKAGE_TARNAME "ceph"
| #define PACKAGE_VERSION "0.61.3"
| #define PACKAGE_STRING "ceph 0.61.3"
| #define PACKAGE_BUGREPORT "ceph-devel@vger.kernel.org"
| #define PACKAGE_URL ""
| #define PACKAGE "ceph"
| #define VERSION "0.61.3"
| #define STDC_HEADERS 1
| #define HAVE_SYS_TYPES_H 1
| #define HAVE_SYS_STAT_H 1
| #define HAVE_STDLIB_H 1
| #define HAVE_STRING_H 1
| #define HAVE_MEMORY_H 1
| #define HAVE_STRINGS_H 1
| #define HAVE_INTTYPES_H 1
| #define HAVE_STDINT_H 1
| #define HAVE_UNISTD_H 1
| #define HAVE_DLFCN_H 1
| #define LT_OBJDIR ".libs/"
| #define PACKAGE "ceph"
| #define VERSION "0.61.3"
| /* end confdefs.h.  */
| #include <pthread.h>
| int
| main ()
| {
| pthread_t th; pthread_join(th, 0);
|                      pthread_attr_init(0); pthread_cleanup_push(0, 0);
|                      pthread_create(0,0,0,0); pthread_cleanup_pop(0);
|   ;
|   return 0;
| }
configure:16265: result: no
configure:16168: checking whether pthreads work without any flags
configure:16256: gcc -o conftest -g -O2    conftest.c   >&5
/tmp/ccq0dTAU.o: In function `main':
/home/matt/Desktop/ceph-0.61.3-rsockets/conftest.c:29: undefined reference to `pthread_join'
/home/matt/Desktop/ceph-0.61.3-rsockets/conftest.c:30: undefined reference to `__pthread_register_cancel'
/home/matt/Desktop/ceph-0.61.3-rsockets/conftest.c:31: undefined reference to `pthread_create'
/home/matt/Desktop/ceph-0.61.3-rsockets/conftest.c:31: undefined reference to `__pthread_unregister_cancel'
collect2: error: ld returned 1 exit status
configure:16256: $? = 1
configure: failed program was:
| /* confdefs.h */
| #define PACKAGE_NAME "ceph"
| #define PACKAGE_TARNAME "ceph"
| #define PACKAGE_VERSION "0.61.3"
| #define PACKAGE_STRING "ceph 0.61.3"
| #define PACKAGE_BUGREPORT "ceph-devel@vger.kernel.org"
| #define PACKAGE_URL ""
| #define PACKAGE "ceph"
| #define VERSION "0.61.3"
| #define STDC_HEADERS 1
| #define HAVE_SYS_TYPES_H 1
| #define HAVE_SYS_STAT_H 1
| #define HAVE_STDLIB_H 1
| #define HAVE_STRING_H 1
| #define HAVE_MEMORY_H 1
| #define HAVE_STRINGS_H 1
| #define HAVE_INTTYPES_H 1
| #define HAVE_STDINT_H 1
| #define HAVE_UNISTD_H 1
| #define HAVE_DLFCN_H 1
| #define LT_OBJDIR ".libs/"
| #define PACKAGE "ceph"
| #define VERSION "0.61.3"
| /* end confdefs.h.  */
| #include <pthread.h>
| int
| main ()
| {
| pthread_t th; pthread_join(th, 0);
|                      pthread_attr_init(0); pthread_cleanup_push(0, 0);
|                      pthread_create(0,0,0,0); pthread_cleanup_pop(0);
|   ;
|   return 0;
| }
configure:16265: result: no
configure:16173: checking whether pthreads work with -Kthread
configure:16256: gcc -o conftest -g -O2 -Kthread   conftest.c   >&5
gcc: error: unrecognized command line option '-Kthread'
configure:16256: $? = 1
configure: failed program was:
| /* confdefs.h */
| #define PACKAGE_NAME "ceph"
| #define PACKAGE_TARNAME "ceph"
| #define PACKAGE_VERSION "0.61.3"
| #define PACKAGE_STRING "ceph 0.61.3"
| #define PACKAGE_BUGREPORT "ceph-devel@vger.kernel.org"
| #define PACKAGE_URL ""
| #define PACKAGE "ceph"
| #define VERSION "0.61.3"
| #define STDC_HEADERS 1
| #define HAVE_SYS_TYPES_H 1
| #define HAVE_SYS_STAT_H 1
| #define HAVE_STDLIB_H 1
| #define HAVE_STRING_H 1
| #define HAVE_MEMORY_H 1
| #define HAVE_STRINGS_H 1
| #define HAVE_INTTYPES_H 1
| #define HAVE_STDINT_H 1
| #define HAVE_UNISTD_H 1
| #define HAVE_DLFCN_H 1
| #define LT_OBJDIR ".libs/"
| #define PACKAGE "ceph"
| #define VERSION "0.61.3"
| /* end confdefs.h.  */
| #include <pthread.h>
| int
| main ()
| {
| pthread_t th; pthread_join(th, 0);
|                      pthread_attr_init(0); pthread_cleanup_push(0, 0);
|                      pthread_create(0,0,0,0); pthread_cleanup_pop(0);
|   ;
|   return 0;
| }
configure:16265: result: no
configure:16173: checking whether pthreads work with -kthread
configure:16256: gcc -o conftest -g -O2 -kthread   conftest.c   >&5
gcc: error: unrecognized command line option '-kthread'
configure:16256: $? = 1
configure: failed program was:
| /* confdefs.h */
| #define PACKAGE_NAME "ceph"
| #define PACKAGE_TARNAME "ceph"
| #define PACKAGE_VERSION "0.61.3"
| #define PACKAGE_STRING "ceph 0.61.3"
| #define PACKAGE_BUGREPORT "ceph-devel@vger.kernel.org"
| #define PACKAGE_URL ""
| #define PACKAGE "ceph"
| #define VERSION "0.61.3"
| #define STDC_HEADERS 1
| #define HAVE_SYS_TYPES_H 1
| #define HAVE_SYS_STAT_H 1
| #define HAVE_STDLIB_H 1
| #define HAVE_STRING_H 1
| #define HAVE_MEMORY_H 1
| #define HAVE_STRINGS_H 1
| #define HAVE_INTTYPES_H 1
| #define HAVE_STDINT_H 1
| #define HAVE_UNISTD_H 1
| #define HAVE_DLFCN_H 1
| #define LT_OBJDIR ".libs/"
| #define PACKAGE "ceph"
| #define VERSION "0.61.3"
| /* end confdefs.h.  */
| #include <pthread.h>
| int
| main ()
| {
| pthread_t th; pthread_join(th, 0);
|                      pthread_attr_init(0); pthread_cleanup_push(0, 0);
|                      pthread_create(0,0,0,0); pthread_cleanup_pop(0);
|   ;
|   return 0;
| }
configure:16265: result: no
configure:16223: checking for the pthreads library -llthread
configure:16256: gcc -o conftest -g -O2    conftest.c -llthread  >&5
/usr/bin/ld: cannot find -llthread
collect2: error: ld returned 1 exit status
configure:16256: $? = 1
configure: failed program was:
| /* confdefs.h */
| #define PACKAGE_NAME "ceph"
| #define PACKAGE_TARNAME "ceph"
| #define PACKAGE_VERSION "0.61.3"
| #define PACKAGE_STRING "ceph 0.61.3"
| #define PACKAGE_BUGREPORT "ceph-devel@vger.kernel.org"
| #define PACKAGE_URL ""
| #define PACKAGE "ceph"
| #define VERSION "0.61.3"
| #define STDC_HEADERS 1
| #define HAVE_SYS_TYPES_H 1
| #define HAVE_SYS_STAT_H 1
| #define HAVE_STDLIB_H 1
| #define HAVE_STRING_H 1
| #define HAVE_MEMORY_H 1
| #define HAVE_STRINGS_H 1
| #define HAVE_INTTYPES_H 1
| #define HAVE_STDINT_H 1
| #define HAVE_UNISTD_H 1
| #define HAVE_DLFCN_H 1
| #define LT_OBJDIR ".libs/"
| #define PACKAGE "ceph"
| #define VERSION "0.61.3"
| /* end confdefs.h.  */
| #include <pthread.h>
| int
| main ()
| {
| pthread_t th; pthread_join(th, 0);
|                      pthread_attr_init(0); pthread_cleanup_push(0, 0);
|                      pthread_create(0,0,0,0); pthread_cleanup_pop(0);
|   ;
|   return 0;
| }
configure:16265: result: no
configure:16173: checking whether pthreads work with -pthread
configure:16256: gcc -o conftest -g -O2 -pthread   conftest.c   >&5
configure:16256: $? = 0
configure:16265: result: yes
configure:16284: checking for joinable pthread attribute
configure:16299: gcc -o conftest -g -O2 -pthread   conftest.c   >&5
configure:16299: $? = 0
configure:16305: result: PTHREAD_CREATE_JOINABLE
configure:16315: checking if more special flags are required for pthreads
configure:16322: result: no
configure:16411: checking whether to check for GCC pthread/shared inconsistencies
configure:16424: gcc -o conftest -shared -fPIC -Wl,-z,defs -g -O2 -pthread   conftest.c   >&5
configure:16424: $? = 0
configure:16436: result: yes
configure:16442: checking whether -pthread is sufficient with -shared
configure:16457: gcc -o conftest -shared -fPIC -Wl,-z,defs -g -O2 -pthread   conftest.c   >&5
configure:16457: $? = 0
configure:16464: result: yes
configure:16552: checking whether what we have so far is sufficient with -nostdlib
configure:16570: gcc -o conftest -nostdlib -shared -fPIC -Wl,-z,defs -g -O2 -pthread   conftest.c   -lc >&5
/tmp/cclLkL0a.o: In function `main':
/home/matt/Desktop/ceph-0.61.3-rsockets/conftest.c:29: undefined reference to `pthread_join'
/home/matt/Desktop/ceph-0.61.3-rsockets/conftest.c:30: undefined reference to `__pthread_register_cancel'
/home/matt/Desktop/ceph-0.61.3-rsockets/conftest.c:31: undefined reference to `pthread_create'
/home/matt/Desktop/ceph-0.61.3-rsockets/conftest.c:31: undefined reference to `__pthread_unregister_cancel'
collect2: error: ld returned 1 exit status
configure:16570: $? = 1
configure: failed program was:
| /* confdefs.h */
| #define PACKAGE_NAME "ceph"
| #define PACKAGE_TARNAME "ceph"
| #define PACKAGE_VERSION "0.61.3"
| #define PACKAGE_STRING "ceph 0.61.3"
| #define PACKAGE_BUGREPORT "ceph-devel@vger.kernel.org"
| #define PACKAGE_URL ""
| #define PACKAGE "ceph"
| #define VERSION "0.61.3"
| #define STDC_HEADERS 1
| #define HAVE_SYS_TYPES_H 1
| #define HAVE_SYS_STAT_H 1
| #define HAVE_STDLIB_H 1
| #define HAVE_STRING_H 1
| #define HAVE_MEMORY_H 1
| #define HAVE_STRINGS_H 1
| #define HAVE_INTTYPES_H 1
| #define HAVE_STDINT_H 1
| #define HAVE_UNISTD_H 1
| #define HAVE_DLFCN_H 1
| #define LT_OBJDIR ".libs/"
| #define PACKAGE "ceph"
| #define VERSION "0.61.3"
| /* end confdefs.h.  */
| #include <pthread.h>
| int
| main ()
| {
| pthread_t th; pthread_join(th, 0);
| 	       pthread_attr_init(0); pthread_cleanup_push(0, 0);
| 	       pthread_create(0,0,0,0); pthread_cleanup_pop(0);
|   ;
|   return 0;
| }
configure:16582: result: no
configure:16587: checking whether -lpthread saves the day
configure:16603: gcc -o conftest -nostdlib -shared -fPIC -Wl,-z,defs -g -O2 -pthread   conftest.c -lpthread   -lc >&5
configure:16603: $? = 0
configure:16612: result: yes
configure:16651: checking for uuid_parse in -luuid
configure:16676: gcc -o conftest -g -O2   conftest.c -luuid   >&5
configure:16676: $? = 0
configure:16685: result: yes
configure:16696: checking for pow in -lm
configure:16721: gcc -o conftest -g -O2   conftest.c -lm   >&5
conftest.c:33:6: warning: conflicting types for built-in function 'pow' [enabled by default]
configure:16721: $? = 0
configure:16730: result: yes
configure:16741: checking for __res_nquery in -lresolv
configure:16766: gcc -o conftest -g -O2   conftest.c -lresolv   >&5
configure:16766: $? = 0
configure:16775: result: yes
configure:16787: checking for add_key in -lkeyutils
configure:16812: gcc -o conftest -g -O2   conftest.c -lkeyutils   >&5
configure:16812: $? = 0
configure:16821: result: yes
configure:16835: checking for syncfs
configure:16835: gcc -o conftest -g -O2   conftest.c  >&5
configure:16835: $? = 0
configure:16835: result: yes
configure:16912: checking for pkg-config
configure:16930: found /usr/bin/pkg-config
configure:16942: result: /usr/bin/pkg-config
configure:16967: checking pkg-config is at least version 0.9.0
configure:16970: result: yes
configure:16981: checking for CRYPTOPP
configure:16988: $PKG_CONFIG --exists --print-errors "libcrypto++"
Package libcrypto++ was not found in the pkg-config search path.
Perhaps you should add the directory containing `libcrypto++.pc'
to the PKG_CONFIG_PATH environment variable
No package 'libcrypto++' found
configure:16991: $? = 1
configure:17005: $PKG_CONFIG --exists --print-errors "libcrypto++"
Package libcrypto++ was not found in the pkg-config search path.
Perhaps you should add the directory containing `libcrypto++.pc'
to the PKG_CONFIG_PATH environment variable
No package 'libcrypto++' found
configure:17008: $? = 1
configure:17022: result: no
No package 'libcrypto++' found
configure:17049: checking for library containing _ZTIN8CryptoPP14CBC_EncryptionE
configure:17080: g++ -o conftest -g -O2 -pthread   conftest.cpp   -lpthread >&5
/tmp/ccS86YvD.o: In function `main':
/home/matt/Desktop/ceph-0.61.3-rsockets/conftest.cpp:39: undefined reference to `typeinfo for CryptoPP::CBC_Encryption'
collect2: error: ld returned 1 exit status
configure:17080: $? = 1
configure: failed program was:
| /* confdefs.h */
| #define PACKAGE_NAME "ceph"
| #define PACKAGE_TARNAME "ceph"
| #define PACKAGE_VERSION "0.61.3"
| #define PACKAGE_STRING "ceph 0.61.3"
| #define PACKAGE_BUGREPORT "ceph-devel@vger.kernel.org"
| #define PACKAGE_URL ""
| #define PACKAGE "ceph"
| #define VERSION "0.61.3"
| #define STDC_HEADERS 1
| #define HAVE_SYS_TYPES_H 1
| #define HAVE_SYS_STAT_H 1
| #define HAVE_STDLIB_H 1
| #define HAVE_STRING_H 1
| #define HAVE_MEMORY_H 1
| #define HAVE_STRINGS_H 1
| #define HAVE_INTTYPES_H 1
| #define HAVE_STDINT_H 1
| #define HAVE_UNISTD_H 1
| #define HAVE_DLFCN_H 1
| #define LT_OBJDIR ".libs/"
| #define PACKAGE "ceph"
| #define VERSION "0.61.3"
| #define HAVE_PTHREAD 1
| #define HAVE_SYNCFS 1
| #define HAVE_SYS_SYNCFS 1
| /* end confdefs.h.  */
| 
| /* Override any GCC internal prototype to avoid an error.
|    Use char because int might match the return type of a GCC
|    builtin and then its argument prototype would still apply.  */
| #ifdef __cplusplus
| extern "C"
| #endif
| char _ZTIN8CryptoPP14CBC_EncryptionE ();
| int
| main ()
| {
| return _ZTIN8CryptoPP14CBC_EncryptionE ();
|   ;
|   return 0;
| }
configure:17080: g++ -o conftest -g -O2 -pthread   conftest.cpp -lcrypto++    -lpthread >&5
/usr/bin/ld: cannot find -lcrypto++
collect2: error: ld returned 1 exit status
configure:17080: $? = 1
configure: failed program was:
| /* confdefs.h */
| #define PACKAGE_NAME "ceph"
| #define PACKAGE_TARNAME "ceph"
| #define PACKAGE_VERSION "0.61.3"
| #define PACKAGE_STRING "ceph 0.61.3"
| #define PACKAGE_BUGREPORT "ceph-devel@vger.kernel.org"
| #define PACKAGE_URL ""
| #define PACKAGE "ceph"
| #define VERSION "0.61.3"
| #define STDC_HEADERS 1
| #define HAVE_SYS_TYPES_H 1
| #define HAVE_SYS_STAT_H 1
| #define HAVE_STDLIB_H 1
| #define HAVE_STRING_H 1
| #define HAVE_MEMORY_H 1
| #define HAVE_STRINGS_H 1
| #define HAVE_INTTYPES_H 1
| #define HAVE_STDINT_H 1
| #define HAVE_UNISTD_H 1
| #define HAVE_DLFCN_H 1
| #define LT_OBJDIR ".libs/"
| #define PACKAGE "ceph"
| #define VERSION "0.61.3"
| #define HAVE_PTHREAD 1
| #define HAVE_SYNCFS 1
| #define HAVE_SYS_SYNCFS 1
| /* end confdefs.h.  */
| 
| /* Override any GCC internal prototype to avoid an error.
|    Use char because int might match the return type of a GCC
|    builtin and then its argument prototype would still apply.  */
| #ifdef __cplusplus
| extern "C"
| #endif
| char _ZTIN8CryptoPP14CBC_EncryptionE ();
| int
| main ()
| {
| return _ZTIN8CryptoPP14CBC_EncryptionE ();
|   ;
|   return 0;
| }
configure:17080: g++ -o conftest -g -O2 -pthread   conftest.cpp -lcryptopp    -lpthread >&5
/usr/bin/ld: cannot find -lcryptopp
collect2: error: ld returned 1 exit status
configure:17080: $? = 1
configure: failed program was:
| /* confdefs.h */
| #define PACKAGE_NAME "ceph"
| #define PACKAGE_TARNAME "ceph"
| #define PACKAGE_VERSION "0.61.3"
| #define PACKAGE_STRING "ceph 0.61.3"
| #define PACKAGE_BUGREPORT "ceph-devel@vger.kernel.org"
| #define PACKAGE_URL ""
| #define PACKAGE "ceph"
| #define VERSION "0.61.3"
| #define STDC_HEADERS 1
| #define HAVE_SYS_TYPES_H 1
| #define HAVE_SYS_STAT_H 1
| #define HAVE_STDLIB_H 1
| #define HAVE_STRING_H 1
| #define HAVE_MEMORY_H 1
| #define HAVE_STRINGS_H 1
| #define HAVE_INTTYPES_H 1
| #define HAVE_STDINT_H 1
| #define HAVE_UNISTD_H 1
| #define HAVE_DLFCN_H 1
| #define LT_OBJDIR ".libs/"
| #define PACKAGE "ceph"
| #define VERSION "0.61.3"
| #define HAVE_PTHREAD 1
| #define HAVE_SYNCFS 1
| #define HAVE_SYS_SYNCFS 1
| /* end confdefs.h.  */
| 
| /* Override any GCC internal prototype to avoid an error.
|    Use char because int might match the return type of a GCC
|    builtin and then its argument prototype would still apply.  */
| #ifdef __cplusplus
| extern "C"
| #endif
| char _ZTIN8CryptoPP14CBC_EncryptionE ();
| int
| main ()
| {
| return _ZTIN8CryptoPP14CBC_EncryptionE ();
|   ;
|   return 0;
| }
configure:17097: result: no
configure:17227: checking for NSS
configure:17234: $PKG_CONFIG --exists --print-errors "nss"
configure:17237: $? = 0
configure:17251: $PKG_CONFIG --exists --print-errors "nss"
configure:17254: $? = 0
configure:17292: result: yes
configure:17319: using nss for cryptography
configure:17478: checking for FCGX_Init in -lfcgi
configure:17503: gcc -o conftest -g -O2   conftest.c -lfcgi   >&5
configure:17503: $? = 0
configure:17512: result: yes
configure:17515: checking for XML_Parse in -lexpat
configure:17540: gcc -o conftest -g -O2   conftest.c -lexpat   >&5
configure:17540: $? = 0
configure:17549: result: yes
configure:17552: checking for curl_easy_init in -lcurl
configure:17577: gcc -o conftest -g -O2   conftest.c -lcurl   >&5
configure:17577: $? = 0
configure:17586: result: yes
configure:17590: checking fastcgi/fcgiapp.h usability
configure:17590: gcc -c -g -O2  conftest.c >&5
conftest.c:63:29: fatal error: fastcgi/fcgiapp.h: No such file or directory
compilation terminated.
configure:17590: $? = 1
configure: failed program was:
| /* confdefs.h */
| #define PACKAGE_NAME "ceph"
| #define PACKAGE_TARNAME "ceph"
| #define PACKAGE_VERSION "0.61.3"
| #define PACKAGE_STRING "ceph 0.61.3"
| #define PACKAGE_BUGREPORT "ceph-devel@vger.kernel.org"
| #define PACKAGE_URL ""
| #define PACKAGE "ceph"
| #define VERSION "0.61.3"
| #define STDC_HEADERS 1
| #define HAVE_SYS_TYPES_H 1
| #define HAVE_SYS_STAT_H 1
| #define HAVE_STDLIB_H 1
| #define HAVE_STRING_H 1
| #define HAVE_MEMORY_H 1
| #define HAVE_STRINGS_H 1
| #define HAVE_INTTYPES_H 1
| #define HAVE_STDINT_H 1
| #define HAVE_UNISTD_H 1
| #define HAVE_DLFCN_H 1
| #define LT_OBJDIR ".libs/"
| #define PACKAGE "ceph"
| #define VERSION "0.61.3"
| #define HAVE_PTHREAD 1
| #define HAVE_SYNCFS 1
| #define HAVE_SYS_SYNCFS 1
| #define USE_NSS 1
| #define DEBUG_GATHER 1
| /* end confdefs.h.  */
| #include <stdio.h>
| #ifdef HAVE_SYS_TYPES_H
| # include <sys/types.h>
| #endif
| #ifdef HAVE_SYS_STAT_H
| # include <sys/stat.h>
| #endif
| #ifdef STDC_HEADERS
| # include <stdlib.h>
| # include <stddef.h>
| #else
| # ifdef HAVE_STDLIB_H
| #  include <stdlib.h>
| # endif
| #endif
| #ifdef HAVE_STRING_H
| # if !defined STDC_HEADERS && defined HAVE_MEMORY_H
| #  include <memory.h>
| # endif
| # include <string.h>
| #endif
| #ifdef HAVE_STRINGS_H
| # include <strings.h>
| #endif
| #ifdef HAVE_INTTYPES_H
| # include <inttypes.h>
| #endif
| #ifdef HAVE_STDINT_H
| # include <stdint.h>
| #endif
| #ifdef HAVE_UNISTD_H
| # include <unistd.h>
| #endif
| #include <fastcgi/fcgiapp.h>
configure:17590: result: no
configure:17590: checking fastcgi/fcgiapp.h presence
configure:17590: gcc -E  conftest.c
conftest.c:30:29: fatal error: fastcgi/fcgiapp.h: No such file or directory
compilation terminated.
configure:17590: $? = 1
configure: failed program was:
| /* confdefs.h */
| #define PACKAGE_NAME "ceph"
| #define PACKAGE_TARNAME "ceph"
| #define PACKAGE_VERSION "0.61.3"
| #define PACKAGE_STRING "ceph 0.61.3"
| #define PACKAGE_BUGREPORT "ceph-devel@vger.kernel.org"
| #define PACKAGE_URL ""
| #define PACKAGE "ceph"
| #define VERSION "0.61.3"
| #define STDC_HEADERS 1
| #define HAVE_SYS_TYPES_H 1
| #define HAVE_SYS_STAT_H 1
| #define HAVE_STDLIB_H 1
| #define HAVE_STRING_H 1
| #define HAVE_MEMORY_H 1
| #define HAVE_STRINGS_H 1
| #define HAVE_INTTYPES_H 1
| #define HAVE_STDINT_H 1
| #define HAVE_UNISTD_H 1
| #define HAVE_DLFCN_H 1
| #define LT_OBJDIR ".libs/"
| #define PACKAGE "ceph"
| #define VERSION "0.61.3"
| #define HAVE_PTHREAD 1
| #define HAVE_SYNCFS 1
| #define HAVE_SYS_SYNCFS 1
| #define USE_NSS 1
| #define DEBUG_GATHER 1
| /* end confdefs.h.  */
| #include <fastcgi/fcgiapp.h>
configure:17590: result: no
configure:17590: checking for fastcgi/fcgiapp.h
configure:17590: result: no
configure:17655: checking for fuse_main in -lfuse
configure:17680: gcc -o conftest -g -O2   conftest.c -lfuse   >&5
configure:17680: $? = 0
configure:17689: result: yes
configure:17701: checking for fuse_getgroups
configure:17701: gcc -o conftest -g -O2   conftest.c  >&5
/tmp/ccQcmIXg.o: In function `main':
/home/matt/Desktop/ceph-0.61.3-rsockets/conftest.c:66: undefined reference to `fuse_getgroups'
collect2: error: ld returned 1 exit status
configure:17701: $? = 1
configure: failed program was:
| /* confdefs.h */
| #define PACKAGE_NAME "ceph"
| #define PACKAGE_TARNAME "ceph"
| #define PACKAGE_VERSION "0.61.3"
| #define PACKAGE_STRING "ceph 0.61.3"
| #define PACKAGE_BUGREPORT "ceph-devel@vger.kernel.org"
| #define PACKAGE_URL ""
| #define PACKAGE "ceph"
| #define VERSION "0.61.3"
| #define STDC_HEADERS 1
| #define HAVE_SYS_TYPES_H 1
| #define HAVE_SYS_STAT_H 1
| #define HAVE_STDLIB_H 1
| #define HAVE_STRING_H 1
| #define HAVE_MEMORY_H 1
| #define HAVE_STRINGS_H 1
| #define HAVE_INTTYPES_H 1
| #define HAVE_STDINT_H 1
| #define HAVE_UNISTD_H 1
| #define HAVE_DLFCN_H 1
| #define LT_OBJDIR ".libs/"
| #define PACKAGE "ceph"
| #define VERSION "0.61.3"
| #define HAVE_PTHREAD 1
| #define HAVE_SYNCFS 1
| #define HAVE_SYS_SYNCFS 1
| #define USE_NSS 1
| #define DEBUG_GATHER 1
| #define WITH_RADOSGW 1
| #define HAVE_LIBFUSE 1
| /* end confdefs.h.  */
| /* Define fuse_getgroups to an innocuous variant, in case <limits.h> declares fuse_getgroups.
|    For example, HP-UX 11i <limits.h> declares gettimeofday.  */
| #define fuse_getgroups innocuous_fuse_getgroups
| 
| /* System header to define __stub macros and hopefully few prototypes,
|     which can conflict with char fuse_getgroups (); below.
|     Prefer <limits.h> to <assert.h> if __STDC__ is defined, since
|     <limits.h> exists even on freestanding compilers.  */
| 
| #ifdef __STDC__
| # include <limits.h>
| #else
| # include <assert.h>
| #endif
| 
| #undef fuse_getgroups
| 
| /* Override any GCC internal prototype to avoid an error.
|    Use char because int might match the return type of a GCC
|    builtin and then its argument prototype would still apply.  */
| #ifdef __cplusplus
| extern "C"
| #endif
| char fuse_getgroups ();
| /* The GNU C library defines this for functions which it implements
|     to always fail with ENOSYS.  Some functions are actually named
|     something starting with __ and the normal name is an alias.  */
| #if defined __stub_fuse_getgroups || defined __stub___fuse_getgroups
| choke me
| #endif
| 
| int
| main ()
| {
| return fuse_getgroups ();
|   ;
|   return 0;
| }
configure:17701: result: no
configure:17739: checking for malloc in -ltcmalloc
configure:17764: gcc -o conftest -g -O2   conftest.c -ltcmalloc   >&5
conftest.c:39:6: warning: conflicting types for built-in function 'malloc' [enabled by default]
configure:17764: $? = 0
configure:17773: result: yes
configure:18679: checking jni.h usability
configure:18679: gcc -c -g -O2  conftest.c >&5
conftest.c:66:17: fatal error: jni.h: No such file or directory
compilation terminated.
configure:18679: $? = 1
configure: failed program was:
| /* confdefs.h */
| #define PACKAGE_NAME "ceph"
| #define PACKAGE_TARNAME "ceph"
| #define PACKAGE_VERSION "0.61.3"
| #define PACKAGE_STRING "ceph 0.61.3"
| #define PACKAGE_BUGREPORT "ceph-devel@vger.kernel.org"
| #define PACKAGE_URL ""
| #define PACKAGE "ceph"
| #define VERSION "0.61.3"
| #define STDC_HEADERS 1
| #define HAVE_SYS_TYPES_H 1
| #define HAVE_SYS_STAT_H 1
| #define HAVE_STDLIB_H 1
| #define HAVE_STRING_H 1
| #define HAVE_MEMORY_H 1
| #define HAVE_STRINGS_H 1
| #define HAVE_INTTYPES_H 1
| #define HAVE_STDINT_H 1
| #define HAVE_UNISTD_H 1
| #define HAVE_DLFCN_H 1
| #define LT_OBJDIR ".libs/"
| #define PACKAGE "ceph"
| #define VERSION "0.61.3"
| #define HAVE_PTHREAD 1
| #define HAVE_SYNCFS 1
| #define HAVE_SYS_SYNCFS 1
| #define USE_NSS 1
| #define DEBUG_GATHER 1
| #define WITH_RADOSGW 1
| #define HAVE_LIBFUSE 1
| #define HAVE_LIBTCMALLOC 1
| /* end confdefs.h.  */
| #include <stdio.h>
| #ifdef HAVE_SYS_TYPES_H
| # include <sys/types.h>
| #endif
| #ifdef HAVE_SYS_STAT_H
| # include <sys/stat.h>
| #endif
| #ifdef STDC_HEADERS
| # include <stdlib.h>
| # include <stddef.h>
| #else
| # ifdef HAVE_STDLIB_H
| #  include <stdlib.h>
| # endif
| #endif
| #ifdef HAVE_STRING_H
| # if !defined STDC_HEADERS && defined HAVE_MEMORY_H
| #  include <memory.h>
| # endif
| # include <string.h>
| #endif
| #ifdef HAVE_STRINGS_H
| # include <strings.h>
| #endif
| #ifdef HAVE_INTTYPES_H
| # include <inttypes.h>
| #endif
| #ifdef HAVE_STDINT_H
| # include <stdint.h>
| #endif
| #ifdef HAVE_UNISTD_H
| # include <unistd.h>
| #endif
| #include <jni.h>
configure:18679: result: no
configure:18679: checking jni.h presence
configure:18679: gcc -E  conftest.c
conftest.c:33:17: fatal error: jni.h: No such file or directory
compilation terminated.
configure:18679: $? = 1
configure: failed program was:
| /* confdefs.h */
| #define PACKAGE_NAME "ceph"
| #define PACKAGE_TARNAME "ceph"
| #define PACKAGE_VERSION "0.61.3"
| #define PACKAGE_STRING "ceph 0.61.3"
| #define PACKAGE_BUGREPORT "ceph-devel@vger.kernel.org"
| #define PACKAGE_URL ""
| #define PACKAGE "ceph"
| #define VERSION "0.61.3"
| #define STDC_HEADERS 1
| #define HAVE_SYS_TYPES_H 1
| #define HAVE_SYS_STAT_H 1
| #define HAVE_STDLIB_H 1
| #define HAVE_STRING_H 1
| #define HAVE_MEMORY_H 1
| #define HAVE_STRINGS_H 1
| #define HAVE_INTTYPES_H 1
| #define HAVE_STDINT_H 1
| #define HAVE_UNISTD_H 1
| #define HAVE_DLFCN_H 1
| #define LT_OBJDIR ".libs/"
| #define PACKAGE "ceph"
| #define VERSION "0.61.3"
| #define HAVE_PTHREAD 1
| #define HAVE_SYNCFS 1
| #define HAVE_SYS_SYNCFS 1
| #define USE_NSS 1
| #define DEBUG_GATHER 1
| #define WITH_RADOSGW 1
| #define HAVE_LIBFUSE 1
| #define HAVE_LIBTCMALLOC 1
| /* end confdefs.h.  */
| #include <jni.h>
configure:18679: result: no
configure:18679: checking for jni.h
configure:18679: result: no
configure:18709: checking for LIBEDIT
configure:18716: $PKG_CONFIG --exists --print-errors "libedit >= 2.11"
configure:18719: $? = 0
configure:18733: $PKG_CONFIG --exists --print-errors "libedit >= 2.11"
configure:18736: $? = 0
configure:18780: result: yes
configure:18798: checking atomic_ops.h usability
configure:18798: gcc -c -g -O2  conftest.c >&5
configure:18798: $? = 0
configure:18798: result: yes
configure:18798: checking atomic_ops.h presence
configure:18798: gcc -E  conftest.c
configure:18798: $? = 0
configure:18798: result: yes
configure:18798: checking for atomic_ops.h
configure:18798: result: yes
configure:18852: checking for snappy_compress in -lsnappy
configure:18877: gcc -o conftest -g -O2   conftest.c -lsnappy   >&5
configure:18877: $? = 0
configure:18886: result: yes
configure:18903: checking for leveldb_open in -lleveldb
configure:18928: gcc -o conftest -g -O2   conftest.c -lleveldb -lsnappy -lpthread -lsnappy  >&5
configure:18928: $? = 0
configure:18937: result: yes
configure:18961: checking leveldb/filter_policy.h usability
configure:18961: g++ -c -g -O2  conftest.cpp >&5
configure:18961: $? = 0
configure:18961: result: yes
configure:18961: checking leveldb/filter_policy.h presence
configure:18961: g++ -E  conftest.cpp
configure:18961: $? = 0
configure:18961: result: yes
configure:18961: checking for leveldb/filter_policy.h
configure:18961: result: yes
configure:19129: checking for io_submit in -laio
configure:19154: gcc -o conftest -g -O2   conftest.c -laio  -lleveldb -lsnappy  >&5
configure:19154: $? = 0
configure:19163: result: yes
configure:19176: checking libaio.h usability
configure:19176: gcc -c -g -O2  conftest.c >&5
configure:19176: $? = 0
configure:19176: result: yes
configure:19176: checking libaio.h presence
configure:19176: gcc -E  conftest.c
configure:19176: $? = 0
configure:19176: result: yes
configure:19176: checking for libaio.h
configure:19176: result: yes
configure:19201: checking for dirent.h that defines DIR
configure:19220: gcc -c -g -O2  conftest.c >&5
configure:19220: $? = 0
configure:19228: result: yes
configure:19241: checking for library containing opendir
configure:19272: gcc -o conftest -g -O2   conftest.c -lleveldb -lsnappy  >&5
configure:19272: $? = 0
configure:19289: result: none required
configure:19356: checking for ANSI C header files
configure:19460: result: yes
configure:19468: checking for sys/wait.h that is POSIX.1 compatible
configure:19494: gcc -c -g -O2  conftest.c >&5
configure:19494: $? = 0
configure:19501: result: yes
configure:19519: checking boost/spirit/include/classic_core.hpp usability
configure:19519: g++ -c -g -O2  conftest.cpp >&5
configure:19519: $? = 0
configure:19519: result: yes
configure:19519: checking boost/spirit/include/classic_core.hpp presence
configure:19519: g++ -E  conftest.cpp
configure:19519: $? = 0
configure:19519: result: yes
configure:19519: checking for boost/spirit/include/classic_core.hpp
configure:19519: result: yes
configure:19546: checking boost/random/discrete_distribution.hpp usability
configure:19546: g++ -c -g -O2  conftest.cpp >&5
configure:19546: $? = 0
configure:19546: result: yes
configure:19546: checking boost/random/discrete_distribution.hpp presence
configure:19546: g++ -E  conftest.cpp
configure:19546: $? = 0
configure:19546: result: yes
configure:19546: checking for boost/random/discrete_distribution.hpp
configure:19546: result: yes
configure:19555: checking boost/statechart/state.hpp usability
configure:19555: g++ -c -g -O2  conftest.cpp >&5
configure:19555: $? = 0
configure:19555: result: yes
configure:19555: checking boost/statechart/state.hpp presence
configure:19555: g++ -E  conftest.cpp
configure:19555: $? = 0
configure:19555: result: yes
configure:19555: checking for boost/statechart/state.hpp
configure:19555: result: yes
configure:19566: checking boost/program_options/option.hpp usability
configure:19566: g++ -c -g -O2  conftest.cpp >&5
configure:19566: $? = 0
configure:19566: result: yes
configure:19566: checking boost/program_options/option.hpp presence
configure:19566: g++ -E  conftest.cpp
configure:19566: $? = 0
configure:19566: result: yes
configure:19566: checking for boost/program_options/option.hpp
configure:19566: result: yes
configure:19580: checking for main in -lboost_system-mt
configure:19599: g++ -o conftest -g -O2   conftest.cpp -lboost_system-mt  -lleveldb -lsnappy  >&5
configure:19599: $? = 0
configure:19608: result: yes
configure:19665: checking for main in -lboost_thread-mt
configure:19684: g++ -o conftest -g -O2   conftest.cpp -lboost_thread-mt  -lboost_system-mt -lleveldb -lsnappy  >&5
configure:19684: $? = 0
configure:19693: result: yes
configure:19757: checking for struct fiemap_extent.fe_logical
configure:19757: gcc -c -g -O2  conftest.c >&5
configure:19757: $? = 0
configure:19757: result: yes
configure:19772: checking sys/xattr.h usability
configure:19772: gcc -c -g -O2  conftest.c >&5
configure:19772: $? = 0
configure:19772: result: yes
configure:19772: checking sys/xattr.h presence
configure:19772: gcc -E  conftest.c
configure:19772: $? = 0
configure:19772: result: yes
configure:19772: checking for sys/xattr.h
configure:19772: result: yes
configure:19772: checking arpa/inet.h usability
configure:19772: gcc -c -g -O2  conftest.c >&5
configure:19772: $? = 0
configure:19772: result: yes
configure:19772: checking arpa/inet.h presence
configure:19772: gcc -E  conftest.c
configure:19772: $? = 0
configure:19772: result: yes
configure:19772: checking for arpa/inet.h
configure:19772: result: yes
configure:19772: checking netdb.h usability
configure:19772: gcc -c -g -O2  conftest.c >&5
configure:19772: $? = 0
configure:19772: result: yes
configure:19772: checking netdb.h presence
configure:19772: gcc -E  conftest.c
configure:19772: $? = 0
configure:19772: result: yes
configure:19772: checking for netdb.h
configure:19772: result: yes
configure:19772: checking netinet/in.h usability
configure:19772: gcc -c -g -O2  conftest.c >&5
configure:19772: $? = 0
configure:19772: result: yes
configure:19772: checking netinet/in.h presence
configure:19772: gcc -E  conftest.c
configure:19772: $? = 0
configure:19772: result: yes
configure:19772: checking for netinet/in.h
configure:19772: result: yes
configure:19772: checking sys/file.h usability
configure:19772: gcc -c -g -O2  conftest.c >&5
configure:19772: $? = 0
configure:19772: result: yes
configure:19772: checking sys/file.h presence
configure:19772: gcc -E  conftest.c
configure:19772: $? = 0
configure:19772: result: yes
configure:19772: checking for sys/file.h
configure:19772: result: yes
configure:19772: checking sys/ioctl.h usability
configure:19772: gcc -c -g -O2  conftest.c >&5
configure:19772: $? = 0
configure:19772: result: yes
configure:19772: checking sys/ioctl.h presence
configure:19772: gcc -E  conftest.c
configure:19772: $? = 0
configure:19772: result: yes
configure:19772: checking for sys/ioctl.h
configure:19772: result: yes
configure:19772: checking sys/mount.h usability
configure:19772: gcc -c -g -O2  conftest.c >&5
configure:19772: $? = 0
configure:19772: result: yes
configure:19772: checking sys/mount.h presence
configure:19772: gcc -E  conftest.c
configure:19772: $? = 0
configure:19772: result: yes
configure:19772: checking for sys/mount.h
configure:19772: result: yes
configure:19772: checking sys/param.h usability
configure:19772: gcc -c -g -O2  conftest.c >&5
configure:19772: $? = 0
configure:19772: result: yes
configure:19772: checking sys/param.h presence
configure:19772: gcc -E  conftest.c
configure:19772: $? = 0
configure:19772: result: yes
configure:19772: checking for sys/param.h
configure:19772: result: yes
configure:19772: checking sys/socket.h usability
configure:19772: gcc -c -g -O2  conftest.c >&5
configure:19772: $? = 0
configure:19772: result: yes
configure:19772: checking sys/socket.h presence
configure:19772: gcc -E  conftest.c
configure:19772: $? = 0
configure:19772: result: yes
configure:19772: checking for sys/socket.h
configure:19772: result: yes
configure:19772: checking sys/statvfs.h usability
configure:19772: gcc -c -g -O2  conftest.c >&5
configure:19772: $? = 0
configure:19772: result: yes
configure:19772: checking sys/statvfs.h presence
configure:19772: gcc -E  conftest.c
configure:19772: $? = 0
configure:19772: result: yes
configure:19772: checking for sys/statvfs.h
configure:19772: result: yes
configure:19772: checking sys/time.h usability
configure:19772: gcc -c -g -O2  conftest.c >&5
configure:19772: $? = 0
configure:19772: result: yes
configure:19772: checking sys/time.h presence
configure:19772: gcc -E  conftest.c
configure:19772: $? = 0
configure:19772: result: yes
configure:19772: checking for sys/time.h
configure:19772: result: yes
configure:19772: checking sys/vfs.h usability
configure:19772: gcc -c -g -O2  conftest.c >&5
configure:19772: $? = 0
configure:19772: result: yes
configure:19772: checking sys/vfs.h presence
configure:19772: gcc -E  conftest.c
configure:19772: $? = 0
configure:19772: result: yes
configure:19772: checking for sys/vfs.h
configure:19772: result: yes
configure:19772: checking syslog.h usability
configure:19772: gcc -c -g -O2  conftest.c >&5
configure:19772: $? = 0
configure:19772: result: yes
configure:19772: checking syslog.h presence
configure:19772: gcc -E  conftest.c
configure:19772: $? = 0
configure:19772: result: yes
configure:19772: checking for syslog.h
configure:19772: result: yes
configure:19772: checking utime.h usability
configure:19772: gcc -c -g -O2  conftest.c >&5
configure:19772: $? = 0
configure:19772: result: yes
configure:19772: checking utime.h presence
configure:19772: gcc -E  conftest.c
configure:19772: $? = 0
configure:19772: result: yes
configure:19772: checking for utime.h
configure:19772: result: yes
configure:19772: checking rdma/rsocket.h usability
configure:19772: gcc -c -g -O2  conftest.c >&5
configure:19772: $? = 0
configure:19772: result: yes
configure:19772: checking rdma/rsocket.h presence
configure:19772: gcc -E  conftest.c
configure:19772: $? = 0
configure:19772: result: yes
configure:19772: checking for rdma/rsocket.h
configure:19772: result: yes
configure:19784: checking for sync_file_range
configure:19784: gcc -o conftest -g -O2   conftest.c -lboost_thread-mt -lboost_system-mt -lleveldb -lsnappy  >&5
configure:19784: $? = 0
configure:19784: result: yes
configure:19793: checking for fallocate
configure:19793: gcc -o conftest -g -O2   conftest.c -lboost_thread-mt -lboost_system-mt -lleveldb -lsnappy  >&5
configure:19793: $? = 0
configure:19793: result: yes
configure:19886: checking for a Python interpreter with version >= 2.4
configure:19903: python -c import sys # split strings by '.' and convert to numeric. Append some zeros # because we need at least 4 digits for the hex conversion. # map returns an iterator in Python 3.0 and a list in 2.x minver = list(map(int, '2.4'.split('.'))) + [0, 0, 0] minverhex = 0 # xrange is not present in Python 3.0 and range returns an iterator for i in list(range(0, 4)): minverhex = (minverhex << 8) + minver[i] sys.exit(sys.hexversion < minverhex)
configure:19906: $? = 0
configure:19912: result: python
configure:19920: checking for python
configure:19938: found /usr/bin/python
configure:19950: result: /usr/bin/python
configure:19971: checking for python version
configure:19978: result: 2.7
configure:19990: checking for python platform
configure:19997: result: linux2
configure:20004: checking for python script directory
configure:20032: result: ${prefix}/lib/python2.7/dist-packages
configure:20041: checking for python extension module directory
configure:20069: result: ${exec_prefix}/lib/python2.7/dist-packages
configure:20309: creating ./config.status

## ---------------------- ##
## Running config.status. ##
## ---------------------- ##

This file was extended by ceph config.status 0.61.3, which was
generated by GNU Autoconf 2.69.  Invocation command line was

  CONFIG_FILES    = 
  CONFIG_HEADERS  = 
  CONFIG_LINKS    = 
  CONFIG_COMMANDS = 
  $ ./config.status 

on desktop

config.status:1268: creating Makefile
config.status:1268: creating src/Makefile
config.status:1268: creating src/ocf/Makefile
config.status:1268: creating src/ocf/ceph
config.status:1268: creating src/ocf/rbd
config.status:1268: creating src/java/Makefile
config.status:1268: creating man/Makefile
config.status:1268: creating ceph.spec
config.status:1268: creating src/acconfig.h
config.status:1449: src/acconfig.h is unchanged
config.status:1497: executing depfiles commands
config.status:1497: executing libtool commands
configure:22873: === configuring in src/gtest (/home/matt/Desktop/ceph-0.61.3-rsockets/src/gtest)
configure:22936: running /bin/bash ./configure --disable-option-checking '--prefix=/usr/local'  --cache-file=/dev/null --srcdir=.

## ---------------- ##
## Cache variables. ##
## ---------------- ##

ac_cv_build=x86_64-unknown-linux-gnu
ac_cv_c_compiler_gnu=yes
ac_cv_cxx_compiler_gnu=yes
ac_cv_env_CCC_set=
ac_cv_env_CCC_value=
ac_cv_env_CC_set=
ac_cv_env_CC_value=
ac_cv_env_CFLAGS_set=
ac_cv_env_CFLAGS_value=
ac_cv_env_CPPFLAGS_set=
ac_cv_env_CPPFLAGS_value=
ac_cv_env_CPP_set=
ac_cv_env_CPP_value=
ac_cv_env_CRYPTOPP_CFLAGS_set=
ac_cv_env_CRYPTOPP_CFLAGS_value=
ac_cv_env_CRYPTOPP_LIBS_set=
ac_cv_env_CRYPTOPP_LIBS_value=
ac_cv_env_CXXCPP_set=
ac_cv_env_CXXCPP_value=
ac_cv_env_CXXFLAGS_set=
ac_cv_env_CXXFLAGS_value=
ac_cv_env_CXX_set=
ac_cv_env_CXX_value=
ac_cv_env_LDFLAGS_set=
ac_cv_env_LDFLAGS_value=
ac_cv_env_LIBEDIT_CFLAGS_set=
ac_cv_env_LIBEDIT_CFLAGS_value=
ac_cv_env_LIBEDIT_LIBS_set=
ac_cv_env_LIBEDIT_LIBS_value=
ac_cv_env_LIBS_set=
ac_cv_env_LIBS_value=
ac_cv_env_NSS_CFLAGS_set=
ac_cv_env_NSS_CFLAGS_value=
ac_cv_env_NSS_LIBS_set=
ac_cv_env_NSS_LIBS_value=
ac_cv_env_PKG_CONFIG_LIBDIR_set=
ac_cv_env_PKG_CONFIG_LIBDIR_value=
ac_cv_env_PKG_CONFIG_PATH_set=
ac_cv_env_PKG_CONFIG_PATH_value=
ac_cv_env_PKG_CONFIG_set=
ac_cv_env_PKG_CONFIG_value=
ac_cv_env_PYTHON_set=
ac_cv_env_PYTHON_value=
ac_cv_env_build_alias_set=
ac_cv_env_build_alias_value=
ac_cv_env_host_alias_set=
ac_cv_env_host_alias_value=
ac_cv_env_target_alias_set=
ac_cv_env_target_alias_value=
ac_cv_func_fallocate=yes
ac_cv_func_fuse_getgroups=no
ac_cv_func_sync_file_range=yes
ac_cv_func_syncfs=yes
ac_cv_header_arpa_inet_h=yes
ac_cv_header_atomic_ops_h=yes
ac_cv_header_boost_program_options_option_hpp=yes
ac_cv_header_boost_random_discrete_distribution_hpp=yes
ac_cv_header_boost_spirit_include_classic_core_hpp=yes
ac_cv_header_boost_statechart_state_hpp=yes
ac_cv_header_dirent_dirent_h=yes
ac_cv_header_dlfcn_h=yes
ac_cv_header_fastcgi_fcgiapp_h=no
ac_cv_header_inttypes_h=yes
ac_cv_header_jni_h=no
ac_cv_header_leveldb_filter_policy_h=yes
ac_cv_header_libaio_h=yes
ac_cv_header_memory_h=yes
ac_cv_header_netdb_h=yes
ac_cv_header_netinet_in_h=yes
ac_cv_header_rdma_rsocket_h=yes
ac_cv_header_stdc=yes
ac_cv_header_stdint_h=yes
ac_cv_header_stdlib_h=yes
ac_cv_header_string_h=yes
ac_cv_header_strings_h=yes
ac_cv_header_sys_file_h=yes
ac_cv_header_sys_ioctl_h=yes
ac_cv_header_sys_mount_h=yes
ac_cv_header_sys_param_h=yes
ac_cv_header_sys_socket_h=yes
ac_cv_header_sys_stat_h=yes
ac_cv_header_sys_statvfs_h=yes
ac_cv_header_sys_time_h=yes
ac_cv_header_sys_types_h=yes
ac_cv_header_sys_vfs_h=yes
ac_cv_header_sys_wait_h=yes
ac_cv_header_sys_xattr_h=yes
ac_cv_header_syslog_h=yes
ac_cv_header_unistd_h=yes
ac_cv_header_utime_h=yes
ac_cv_host=x86_64-unknown-linux-gnu
ac_cv_lib_aio_io_submit=yes
ac_cv_lib_boost_system_mt_main=yes
ac_cv_lib_boost_thread_mt_main=yes
ac_cv_lib_curl_curl_easy_init=yes
ac_cv_lib_expat_XML_Parse=yes
ac_cv_lib_fcgi_FCGX_Init=yes
ac_cv_lib_fuse_fuse_main=yes
ac_cv_lib_keyutils_add_key=yes
ac_cv_lib_leveldb_leveldb_open=yes
ac_cv_lib_m_pow=yes
ac_cv_lib_resolv___res_nquery=yes
ac_cv_lib_snappy_snappy_compress=yes
ac_cv_lib_tcmalloc_malloc=yes
ac_cv_lib_uuid_uuid_parse=yes
ac_cv_member_struct_fiemap_extent_fe_logical=yes
ac_cv_objext=o
ac_cv_path_EGREP='/bin/grep -E'
ac_cv_path_FGREP='/bin/grep -F'
ac_cv_path_GREP=/bin/grep
ac_cv_path_PYTHON=/usr/bin/python
ac_cv_path_SED=/bin/sed
ac_cv_path_ac_pt_PKG_CONFIG=/usr/bin/pkg-config
ac_cv_path_install='/usr/bin/install -c'
ac_cv_path_mkdir=/bin/mkdir
ac_cv_prog_AWK=gawk
ac_cv_prog_CPP='gcc -E'
ac_cv_prog_CXXCPP='g++ -E'
ac_cv_prog_ac_ct_AR=ar
ac_cv_prog_ac_ct_CC=gcc
ac_cv_prog_ac_ct_CXX=g++
ac_cv_prog_ac_ct_MANIFEST_TOOL=mt
ac_cv_prog_ac_ct_OBJDUMP=objdump
ac_cv_prog_ac_ct_RANLIB=ranlib
ac_cv_prog_ac_ct_STRIP=strip
ac_cv_prog_cc_c89=
ac_cv_prog_cc_g=yes
ac_cv_prog_cc_gcc_c_o=yes
ac_cv_prog_cxx_g=yes
ac_cv_prog_make_make_set=yes
ac_cv_search__ZTIN8CryptoPP14CBC_EncryptionE=no
ac_cv_search_opendir='none required'
ac_cv_target=x86_64-unknown-linux-gnu
am_cv_CC_dependencies_compiler_type=gcc3
am_cv_CXX_dependencies_compiler_type=gcc3
am_cv_make_support_nested_variables=yes
am_cv_pathless_PYTHON=python
am_cv_python_platform=linux2
am_cv_python_pyexecdir='${exec_prefix}/lib/python2.7/dist-packages'
am_cv_python_pythondir='${prefix}/lib/python2.7/dist-packages'
am_cv_python_version=2.7
lt_cv_ar_at_file=@
lt_cv_archive_cmds_need_lc=no
lt_cv_deplibs_check_method=pass_all
lt_cv_file_magic_cmd='$MAGIC_CMD'
lt_cv_file_magic_test_file=
lt_cv_ld_reload_flag=-r
lt_cv_nm_interface='BSD nm'
lt_cv_objdir=.libs
lt_cv_path_LD=/usr/bin/ld
lt_cv_path_LDCXX='/usr/bin/ld -m elf_x86_64'
lt_cv_path_NM='/usr/bin/nm -B'
lt_cv_path_mainfest_tool=no
lt_cv_prog_compiler_c_o=yes
lt_cv_prog_compiler_c_o_CXX=yes
lt_cv_prog_compiler_pic='-fPIC -DPIC'
lt_cv_prog_compiler_pic_CXX='-fPIC -DPIC'
lt_cv_prog_compiler_pic_works=yes
lt_cv_prog_compiler_pic_works_CXX=yes
lt_cv_prog_compiler_rtti_exceptions=no
lt_cv_prog_compiler_static_works=yes
lt_cv_prog_compiler_static_works_CXX=yes
lt_cv_prog_gnu_ld=yes
lt_cv_prog_gnu_ldcxx=yes
lt_cv_sharedlib_from_linklib_cmd='printf %s\n'
lt_cv_shlibpath_overrides_runpath=no
lt_cv_sys_global_symbol_pipe='sed -n -e '\''s/^.*[	 ]\([ABCDGIRSTW][ABCDGIRSTW]*\)[	 ][	 ]*\([_A-Za-z][_A-Za-z0-9]*\)$/\1 \2 \2/p'\'' | sed '\''/ __gnu_lto/d'\'''
lt_cv_sys_global_symbol_to_c_name_address='sed -n -e '\''s/^: \([^ ]*\)[ ]*$/  {\"\1\", (void *) 0},/p'\'' -e '\''s/^[ABCDGIRSTW]* \([^ ]*\) \([^ ]*\)$/  {"\2", (void *) \&\2},/p'\'''
lt_cv_sys_global_symbol_to_c_name_address_lib_prefix='sed -n -e '\''s/^: \([^ ]*\)[ ]*$/  {\"\1\", (void *) 0},/p'\'' -e '\''s/^[ABCDGIRSTW]* \([^ ]*\) \(lib[^ ]*\)$/  {"\2", (void *) \&\2},/p'\'' -e '\''s/^[ABCDGIRSTW]* \([^ ]*\) \([^ ]*\)$/  {"lib\2", (void *) \&\2},/p'\'''
lt_cv_sys_global_symbol_to_cdecl='sed -n -e '\''s/^T .* \(.*\)$/extern int \1();/p'\'' -e '\''s/^[ABCDGIRSTW]* .* \(.*\)$/extern char \1;/p'\'''
lt_cv_sys_max_cmd_len=1572864
lt_cv_to_host_file_cmd=func_convert_file_noop
lt_cv_to_tool_file_cmd=func_convert_file_noop
pkg_cv_LIBEDIT_CFLAGS=' '
pkg_cv_LIBEDIT_LIBS='-ledit  '
pkg_cv_NSS_CFLAGS='-I/usr/include/nss -I/usr/include/nspr  '
pkg_cv_NSS_LIBS='-lnss3 -lnssutil3 -lsmime3 -lssl3 -lplds4 -lplc4 -lnspr4  '

## ----------------- ##
## Output variables. ##
## ----------------- ##

ACLOCAL='${SHELL} /home/matt/Desktop/ceph-0.61.3-rsockets/missing --run aclocal-1.11'
AMDEPBACKSLASH='\'
AMDEP_FALSE='#'
AMDEP_TRUE=''
AMTAR='$${TAR-tar}'
AM_BACKSLASH='\'
AM_CXXFLAGS=' -I/usr/include/nss -I/usr/include/nspr   '
AM_DEFAULT_V='$(AM_DEFAULT_VERBOSITY)'
AM_DEFAULT_VERBOSITY='0'
AM_V='$(V)'
AR='ar'
AUTOCONF='${SHELL} /home/matt/Desktop/ceph-0.61.3-rsockets/missing --run autoconf'
AUTOHEADER='${SHELL} /home/matt/Desktop/ceph-0.61.3-rsockets/missing --run autoheader'
AUTOMAKE='${SHELL} /home/matt/Desktop/ceph-0.61.3-rsockets/missing --run automake-1.11'
AWK='gawk'
CC='gcc'
CCDEPMODE='depmode=gcc3'
CFLAGS='-g -O2'
CPP='gcc -E'
CPPFLAGS=''
CRYPTOPP_CFLAGS=''
CRYPTOPP_LIBS='no'
CRYPTO_CFLAGS='-I/usr/include/nss -I/usr/include/nspr  '
CRYPTO_LIBS='-lnss3 -lnssutil3 -lsmime3 -lssl3 -lplds4 -lplc4 -lnspr4  '
CXX='g++'
CXXCPP='g++ -E'
CXXDEPMODE='depmode=gcc3'
CXXFLAGS='-g -O2'
CYGPATH_W='echo'
DEFS='-DHAVE_CONFIG_H'
DEPDIR='.deps'
DLLTOOL='false'
DSYMUTIL=''
DUMPBIN=''
ECHO_C=''
ECHO_N='-n'
ECHO_T=''
EGREP='/bin/grep -E'
ENABLE_CEPHFS_JAVA_FALSE=''
ENABLE_CEPHFS_JAVA_TRUE='#'
ENABLE_COVERAGE_FALSE=''
ENABLE_COVERAGE_TRUE='#'
EXEEXT=''
EXTRA_CLASSPATH_JAR=''
FGREP='/bin/grep -F'
FREEBSD_FALSE=''
FREEBSD_TRUE='#'
GCOV_PREFIX_STRIP='5'
GIT_CHECK=''
GREP='/bin/grep'
HAVE_JUNIT4_FALSE=''
HAVE_JUNIT4_TRUE='#'
INSTALL_DATA='${INSTALL} -m 644'
INSTALL_PROGRAM='${INSTALL}'
INSTALL_SCRIPT='${INSTALL}'
INSTALL_STRIP_PROGRAM='$(install_sh) -c -s'
JAR=''
JAVA=''
JAVAC=''
JAVAH=''
JDK_CPPFLAGS=''
LD='/usr/bin/ld -m elf_x86_64'
LDFLAGS=''
LIBEDIT_CFLAGS=' '
LIBEDIT_LIBS='-ledit  '
LIBFUSE='-lfuse'
LIBOBJS=''
LIBS='-lboost_thread-mt -lboost_system-mt -lleveldb -lsnappy '
LIBTCMALLOC='-ltcmalloc'
LIBTOOL='$(SHELL) $(top_builddir)/libtool'
LINUX_FALSE='#'
LINUX_TRUE=''
LIPO=''
LN_S='ln -s'
LTLIBOBJS=''
MAKEINFO='${SHELL} /home/matt/Desktop/ceph-0.61.3-rsockets/missing --run makeinfo'
MANIFEST_TOOL=':'
MKDIR_P='/bin/mkdir -p'
NM='/usr/bin/nm -B'
NMEDIT=''
NSS_CFLAGS='-I/usr/include/nss -I/usr/include/nspr  '
NSS_LIBS='-lnss3 -lnssutil3 -lsmime3 -lssl3 -lplds4 -lplc4 -lnspr4  '
OBJDUMP='objdump'
OBJEXT='o'
OTOOL64=''
OTOOL=''
PACKAGE='ceph'
PACKAGE_BUGREPORT='ceph-devel@vger.kernel.org'
PACKAGE_NAME='ceph'
PACKAGE_STRING='ceph 0.61.3'
PACKAGE_TARNAME='ceph'
PACKAGE_URL=''
PACKAGE_VERSION='0.61.3'
PATH_SEPARATOR=':'
PKG_CONFIG='/usr/bin/pkg-config'
PKG_CONFIG_LIBDIR=''
PKG_CONFIG_PATH=''
PTHREAD_CC='gcc'
PTHREAD_CFLAGS='-pthread'
PTHREAD_LIBS=' -lpthread'
PYTHON='/usr/bin/python'
PYTHON_EXEC_PREFIX='${exec_prefix}'
PYTHON_PLATFORM='linux2'
PYTHON_PREFIX='${prefix}'
PYTHON_VERSION='2.7'
RANLIB='ranlib'
RPM_RELEASE='0'
SED='/bin/sed'
SET_MAKE=''
SHELL='/bin/bash'
STRIP='strip'
USE_BOOST_SPIRIT_OLD_HDR_FALSE=''
USE_BOOST_SPIRIT_OLD_HDR_TRUE='#'
VERSION='0.61.3'
WARN_IGNORED_QUALIFIERS='-Wignored-qualifiers'
WARN_TYPE_LIMITS='-Wtype-limits'
WITH_BUILD_TESTS_FALSE=''
WITH_BUILD_TESTS_TRUE='#'
WITH_DEBUG_FALSE=''
WITH_DEBUG_TRUE='#'
WITH_FUSE_FALSE='#'
WITH_FUSE_TRUE=''
WITH_HADOOPCLIENT_FALSE=''
WITH_HADOOPCLIENT_TRUE='#'
WITH_LIBAIO_FALSE='#'
WITH_LIBAIO_TRUE=''
WITH_LIBATOMIC_FALSE='#'
WITH_LIBATOMIC_TRUE=''
WITH_OCF_FALSE=''
WITH_OCF_TRUE='#'
WITH_PROFILER_FALSE=''
WITH_PROFILER_TRUE='#'
WITH_RADOSGW_FALSE='#'
WITH_RADOSGW_TRUE=''
WITH_REST_BENCH_FALSE=''
WITH_REST_BENCH_TRUE='#'
WITH_SYSTEM_LIBS3_FALSE=''
WITH_SYSTEM_LIBS3_TRUE='#'
WITH_TCMALLOC_FALSE='#'
WITH_TCMALLOC_TRUE=''
ac_ct_AR='ar'
ac_ct_CC='gcc'
ac_ct_CXX='g++'
ac_ct_DUMPBIN=''
acx_pthread_config=''
am__EXEEXT_FALSE=''
am__EXEEXT_TRUE='#'
am__fastdepCC_FALSE='#'
am__fastdepCC_TRUE=''
am__fastdepCXX_FALSE='#'
am__fastdepCXX_TRUE=''
am__include='include'
am__isrc=''
am__leading_dot='.'
am__nodep='_no'
am__quote=''
am__tar='$${TAR-tar} chof - "$$tardir"'
am__untar='$${TAR-tar} xf -'
bindir='${exec_prefix}/bin'
build='x86_64-unknown-linux-gnu'
build_alias=''
build_cpu='x86_64'
build_os='linux-gnu'
build_vendor='unknown'
datadir='${datarootdir}'
datarootdir='${prefix}/share'
docdir='${datarootdir}/doc/${PACKAGE_TARNAME}'
dvidir='${docdir}'
exec_prefix='${prefix}'
host='x86_64-unknown-linux-gnu'
host_alias=''
host_cpu='x86_64'
host_os='linux-gnu'
host_vendor='unknown'
htmldir='${docdir}'
includedir='${prefix}/include'
infodir='${datarootdir}/info'
install_sh='${SHELL} /home/matt/Desktop/ceph-0.61.3-rsockets/install-sh'
libdir='${exec_prefix}/lib'
libexecdir='${exec_prefix}/libexec'
localedir='${datarootdir}/locale'
localstatedir='${prefix}/var'
mandir='${datarootdir}/man'
mkdir_p='/bin/mkdir -p'
oldincludedir='/usr/include'
pdfdir='${docdir}'
pkgpyexecdir='${pyexecdir}/ceph'
pkgpythondir='${pythondir}/ceph'
prefix='/usr/local'
program_transform_name='s,x,x,'
psdir='${docdir}'
pyexecdir='${exec_prefix}/lib/python2.7/dist-packages'
pythondir='${prefix}/lib/python2.7/dist-packages'
sbindir='${exec_prefix}/sbin'
sharedstatedir='${prefix}/com'
subdirs=' src/gtest'
sysconfdir='${prefix}/etc'
target='x86_64-unknown-linux-gnu'
target_alias=''
target_cpu='x86_64'
target_os='linux-gnu'
target_vendor='unknown'
uudecode=''

## ----------- ##
## confdefs.h. ##
## ----------- ##

/* confdefs.h */
#define PACKAGE_NAME "ceph"
#define PACKAGE_TARNAME "ceph"
#define PACKAGE_VERSION "0.61.3"
#define PACKAGE_STRING "ceph 0.61.3"
#define PACKAGE_BUGREPORT "ceph-devel@vger.kernel.org"
#define PACKAGE_URL ""
#define PACKAGE "ceph"
#define VERSION "0.61.3"
#define STDC_HEADERS 1
#define HAVE_SYS_TYPES_H 1
#define HAVE_SYS_STAT_H 1
#define HAVE_STDLIB_H 1
#define HAVE_STRING_H 1
#define HAVE_MEMORY_H 1
#define HAVE_STRINGS_H 1
#define HAVE_INTTYPES_H 1
#define HAVE_STDINT_H 1
#define HAVE_UNISTD_H 1
#define HAVE_DLFCN_H 1
#define LT_OBJDIR ".libs/"
#define PACKAGE "ceph"
#define VERSION "0.61.3"
#define HAVE_PTHREAD 1
#define HAVE_SYNCFS 1
#define HAVE_SYS_SYNCFS 1
#define USE_NSS 1
#define DEBUG_GATHER 1
#define WITH_RADOSGW 1
#define HAVE_LIBFUSE 1
#define HAVE_LIBTCMALLOC 1
#define HAVE_LIBSNAPPY 1
#define HAVE_LIBLEVELDB 1
#define HAVE_LEVELDB_FILTER_POLICY 1
#define HAVE_LIBAIO 1
#define HAVE_DIRENT_H 1
#define STDC_HEADERS 1
#define HAVE_SYS_WAIT_H 1
#define HAVE_BOOST_RANDOM_DISCRETE_DISTRIBUTION /**/
#define HAVE_LIBBOOST_SYSTEM_MT 1
#define HAVE_LIBBOOST_THREAD_MT 1
#define HAVE_FIEMAP_H /**/
#define HAVE_SYS_XATTR_H 1
#define HAVE_ARPA_INET_H 1
#define HAVE_NETDB_H 1
#define HAVE_NETINET_IN_H 1
#define HAVE_SYS_FILE_H 1
#define HAVE_SYS_IOCTL_H 1
#define HAVE_SYS_MOUNT_H 1
#define HAVE_SYS_PARAM_H 1
#define HAVE_SYS_SOCKET_H 1
#define HAVE_SYS_STATVFS_H 1
#define HAVE_SYS_TIME_H 1
#define HAVE_SYS_VFS_H 1
#define HAVE_SYSLOG_H 1
#define HAVE_UTIME_H 1
#define HAVE_RDMA_RSOCKET_H 1
#define HAVE_SYNC_FILE_RANGE /**/
#define CEPH_HAVE_FALLOCATE /**/

configure: exit 0
